%!Adobe-FontList 1.18
%Locale:0x409

%BeginFont
Handler:DirectoryHandler
FontType:TrueType
FontName:ErasITC-Bold
FamilyName:Eras Bold ITC
StyleName:Regular
FullName:Eras Bold ITC
MenuName:Eras Bold ITC
StyleBits:0
WritingScript:Roman
OutlineFileName:C:\Users\George Bringes\Desktop\SEPT Zika\for file grab Zika GATHER\Document fonts\ERASBD.TTF
DataFormat:sfntData
hasSVG:no
FileLength:57508
FileModTime:1444512715
WeightClass:400
WidthClass:5
AngleClass:0
NameArray:0,Mac,4,Eras Bold ITC
NameArray:0,Win,1,Eras Bold ITC
%EndFont

%BeginFont
Handler:DirectoryHandler
FontType:Type1
FontName:MyriadPro-Bold
FamilyName:Myriad Pro
StyleName:Bold
FullName:Myriad Pro Bold
MenuName:Myriad Pro
StyleBits:2
WritingScript:Roman
OutlineFileName:C:\Users\George Bringes\Desktop\SEPT Zika\for file grab Zika GATHER\Document fonts\MyriadPro-Bold.otf
DataFormat:sfntData
UsesStandardEncoding:yes
isCFF:yes
hasSVG:no
FileLength:97332
FileModTime:1217273492
WeightClass:700
WidthClass:5
AngleClass:0
DesignSize:110
NameArray:0,Mac,4,Myriad Pro Bold
NameArray:0,Win,1,Myriad Pro
%EndFont

%BeginFont
Handler:DirectoryHandler
FontType:Type1
FontName:MyriadPro-Light
FamilyName:Myriad Pro
StyleName:Light
FullName:Myriad Pro Light
MenuName:Myriad Pro Light
StyleBits:0
WritingScript:Roman
OutlineFileName:C:\Users\George Bringes\Desktop\SEPT Zika\for file grab Zika GATHER\Document fonts\MyriadPro-Light.otf
DataFormat:sfntData
UsesStandardEncoding:yes
isCFF:yes
hasSVG:no
FileLength:92112
FileModTime:1112381014
WeightClass:300
WidthClass:5
AngleClass:0
NameArray:0,Mac,4,Myriad Pro Light
NameArray:0,Win,1,Myriad Pro Light
NameArray:0,Win,16,Myriad Pro
%EndFont

%BeginFont
Handler:DirectoryHandler
FontType:Type1
FontName:MyriadPro-Regular
FamilyName:Myriad Pro
StyleName:Regular
FullName:Myriad Pro
MenuName:Myriad Pro
StyleBits:0
WritingScript:Roman
OutlineFileName:C:\Users\George Bringes\Desktop\SEPT Zika\for file grab Zika GATHER\Document fonts\MyriadPro-Regular.otf
DataFormat:sfntData
UsesStandardEncoding:yes
isCFF:yes
hasSVG:no
FileLength:95984
FileModTime:1217273492
WeightClass:400
WidthClass:5
AngleClass:0
DesignSize:110
NameArray:0,Mac,4,Myriad Pro
NameArray:0,Win,1,Myriad Pro
%EndFont

%BeginFont
Handler:DirectoryHandler
FontType:Type1
FontName:MyriadPro-Semibold
FamilyName:Myriad Pro
StyleName:Semibold
FullName:Myriad Pro Semibold
MenuName:Myriad Pro Light
StyleBits:2
WritingScript:Roman
OutlineFileName:C:\Users\George Bringes\Desktop\SEPT Zika\for file grab Zika GATHER\Document fonts\MyriadPro-Semibold.otf
DataFormat:sfntData
UsesStandardEncoding:yes
isCFF:yes
hasSVG:no
FileLength:97332
FileModTime:1217273492
WeightClass:600
WidthClass:5
AngleClass:0
DesignSize:110
NameArray:0,Mac,4,Myriad Pro Semibold
NameArray:0,Win,1,Myriad Pro Light
NameArray:0,Win,16,Myriad Pro
%EndFont

